Using pre-set license
Built from '2020.3/staging' branch; Version is '2020.3.0f1 (c7b5465681fb) revision 13088070'; Using compiler version '192528614'; Build Type 'Release'
OS: 'Windows 10 Pro; OS build 19042.928; Version 2009; 64bit' Language: 'pt' Physical Memory: 32606 MB
BatchMode: 1, IsHumanControllingUs: 0, StartBugReporterOnCrash: 0, Is64bit: 1, IsPro: 0

 COMMAND LINE ARGUMENTS:
C:\Program Files\Unity\Hub\Editor\2020.3.0f1\Editor\Unity.exe
-adb2
-batchMode
-noUpm
-name
AssetImportWorker2
-projectPath
E:/Users/Arthur/GitHub/SolitudeV5
-logFile
Logs/AssetImportWorker2.log
-srvPort
1868
Successfully changed project path to: E:/Users/Arthur/GitHub/SolitudeV5
E:/Users/Arthur/GitHub/SolitudeV5
Using Asset Import Pipeline V2.
Refreshing native plugins compatible for Editor in 65.92 ms, found 9 plugins.
Preloading 0 native plugins for Editor in 0.00 ms.
Initialize engine version: 2020.3.0f1 (c7b5465681fb)
[Subsystems] Discovering subsystems at path C:/Program Files/Unity/Hub/Editor/2020.3.0f1/Editor/Data/Resources/UnitySubsystems
[Subsystems] Discovering subsystems at path E:/Users/Arthur/GitHub/SolitudeV5/Assets
GfxDevice: creating device client; threaded=0
Direct3D:
    Version:  Direct3D 11.0 [level 11.1]
    Renderer: NVIDIA GeForce RTX 2060 (ID=0x1e89)
    Vendor:   
    VRAM:     5968 MB
    Driver:   27.21.14.6192
Initialize mono
Mono path[0] = 'C:/Program Files/Unity/Hub/Editor/2020.3.0f1/Editor/Data/Managed'
Mono path[1] = 'C:/Program Files/Unity/Hub/Editor/2020.3.0f1/Editor/Data/MonoBleedingEdge/lib/mono/unityjit'
Mono config path = 'C:/Program Files/Unity/Hub/Editor/2020.3.0f1/Editor/Data/MonoBleedingEdge/etc'
Using monoOptions --debugger-agent=transport=dt_socket,embedding=1,server=y,suspend=n,address=127.0.0.1:56948
Begin MonoManager ReloadAssembly
Registering precompiled unity dll's ...
Register platform support module: C:/Program Files/Unity/Hub/Editor/2020.3.0f1/Editor/Data/PlaybackEngines/WindowsStandaloneSupport/UnityEditor.WindowsStandalone.Extensions.dll
Registered in 0.001262 seconds.
Native extension for WindowsStandalone target not found
Refreshing native plugins compatible for Editor in 64.84 ms, found 9 plugins.
Preloading 0 native plugins for Editor in 0.00 ms.
Invoked RoslynAnalysisRunner static constructor.
RoslynAnalysisRunner will not be running.
RoslynAnalysisRunner has terminated.
Mono: successfully reloaded assembly
- Completed reload, in  1.746 seconds
Platform modules already initialized, skipping
Registering precompiled user dll's ...
Registered in 0.045631 seconds.
Begin MonoManager ReloadAssembly
Native extension for WindowsStandalone target not found
Refreshing native plugins compatible for Editor in 0.85 ms, found 9 plugins.
Preloading 0 native plugins for Editor in 0.00 ms.
Invoked RoslynAnalysisRunner static constructor.
RoslynAnalysisRunner will not be running.
RoslynAnalysisRunner has terminated.
Mono: successfully reloaded assembly
- Completed reload, in  1.841 seconds
Platform modules already initialized, skipping
========================================================================
Worker process is ready to serve import requests
Launched and connected shader compiler UnityShaderCompiler.exe after 0.06 seconds
Refreshing native plugins compatible for Editor in 0.84 ms, found 9 plugins.
Preloading 0 native plugins for Editor in 0.00 ms.
Unloading 2770 Unused Serialized files (Serialized files now loaded: 0)
System memory in use before: 136.3 MB.
System memory in use after: 136.2 MB.

Unloading 56 unused Assets to reduce memory usage. Loaded Objects now: 3194.
Total: 2.851800 ms (FindLiveObjects: 0.255800 ms CreateObjectMapping: 0.154900 ms MarkObjects: 2.148200 ms  DeleteObjects: 0.292200 ms)

========================================================================
Received Import Request.
  path: Assets/AKCondinoO/Chares/Animators/ThirdPersonAnimatorController.controller
  artifactKey: Guid(57cf0c4ab016c6b4ba5d2b8292c0d601) Importer(815301076,1909f56bfc062723c751e8b465ee728b)
Start importing Assets/AKCondinoO/Chares/Animators/ThirdPersonAnimatorController.controller using Guid(57cf0c4ab016c6b4ba5d2b8292c0d601) Importer(815301076,1909f56bfc062723c751e8b465ee728b)  -> (artifact id: '44705de5848a69abe59f813a104cb28a') in 0.057405 seconds
  Import took 0.063064 seconds .

========================================================================
Received Import Request.
  Time since last request: 281.456380 seconds.
  path: Assets/AKCondinoO/Chares/_3DSprite.cs
  artifactKey: Guid(a2a25794bc1abca4fafb25b20942b4be) Importer(815301076,1909f56bfc062723c751e8b465ee728b)
Start importing Assets/AKCondinoO/Chares/_3DSprite.cs using Guid(a2a25794bc1abca4fafb25b20942b4be) Importer(815301076,1909f56bfc062723c751e8b465ee728b)  -> (artifact id: '27f3b7cae4ce91058cc16c28f9d887bd') in 0.006998 seconds
  Import took 0.013270 seconds .

========================================================================
Received Import Request.
  Time since last request: 0.002440 seconds.
  path: Assets/AKCondinoO/Chares/_3DSprite.cs
  artifactKey: Guid(a2a25794bc1abca4fafb25b20942b4be) Importer(815301076,1909f56bfc062723c751e8b465ee728b)
Start importing Assets/AKCondinoO/Chares/_3DSprite.cs using Guid(a2a25794bc1abca4fafb25b20942b4be) Importer(815301076,1909f56bfc062723c751e8b465ee728b)  -> (artifact id: '27f3b7cae4ce91058cc16c28f9d887bd') in 0.001528 seconds
  Import took 0.004403 seconds .

========================================================================
Received Import Request.
  Time since last request: 3.555302 seconds.
  path: Assets/AKCondinoO/Chares/_3DSpriteShader.shader
  artifactKey: Guid(029d2910ebd21bd49aa43de288001644) Importer(815301076,1909f56bfc062723c751e8b465ee728b)
Start importing Assets/AKCondinoO/Chares/_3DSpriteShader.shader using Guid(029d2910ebd21bd49aa43de288001644) Importer(815301076,1909f56bfc062723c751e8b465ee728b)  -> (artifact id: 'c38cee2c220ecb7b2f8696c5129cc984') in 0.008896 seconds
  Import took 0.014726 seconds .

========================================================================
Received Import Request.
  Time since last request: 2.286529 seconds.
  path: Assets/AKCondinoO/Chares/ActorManagementMentana.cs
  artifactKey: Guid(84299815538f8de4ebd01b9e09c984ae) Importer(815301076,1909f56bfc062723c751e8b465ee728b)
Start importing Assets/AKCondinoO/Chares/ActorManagementMentana.cs using Guid(84299815538f8de4ebd01b9e09c984ae) Importer(815301076,1909f56bfc062723c751e8b465ee728b)  -> (artifact id: '50fef66ca512866fc6a25b1db4471447') in 0.009743 seconds
  Import took 0.015611 seconds .

========================================================================
Received Import Request.
  Time since last request: 0.393012 seconds.
  path: Assets/AKCondinoO/Chares/ActorManagementMentana.prefab
  artifactKey: Guid(10725eaf686bf0147b88fddfec998997) Importer(815301076,1909f56bfc062723c751e8b465ee728b)
Start importing Assets/AKCondinoO/Chares/ActorManagementMentana.prefab using Guid(10725eaf686bf0147b88fddfec998997) Importer(815301076,1909f56bfc062723c751e8b465ee728b)  -> (artifact id: '868a0b829a7a71e65aa5ff08afab02ae') in 0.118413 seconds
  Import took 0.124562 seconds .

========================================================================
Received Import Request.
  Time since last request: 2.176083 seconds.
  path: Assets/AKCondinoO/Chares/AI.cs
  artifactKey: Guid(2a97a65eda55fa647b75bb9f7a955c15) Importer(815301076,1909f56bfc062723c751e8b465ee728b)
Start importing Assets/AKCondinoO/Chares/AI.cs using Guid(2a97a65eda55fa647b75bb9f7a955c15) Importer(815301076,1909f56bfc062723c751e8b465ee728b)  -> (artifact id: '5ff73d75a6307ab86ec6f6f5d60e1faa') in 0.005333 seconds
  Import took 0.010462 seconds .

========================================================================
Received Import Request.
  Time since last request: 0.002802 seconds.
  path: Assets/AKCondinoO/Chares/AI.cs
  artifactKey: Guid(2a97a65eda55fa647b75bb9f7a955c15) Importer(815301076,1909f56bfc062723c751e8b465ee728b)
Start importing Assets/AKCondinoO/Chares/AI.cs using Guid(2a97a65eda55fa647b75bb9f7a955c15) Importer(815301076,1909f56bfc062723c751e8b465ee728b)  -> (artifact id: '5ff73d75a6307ab86ec6f6f5d60e1faa') in 0.001565 seconds
  Import took 0.005075 seconds .

========================================================================
Received Import Request.
  Time since last request: 1.014985 seconds.
  path: Assets/AKCondinoO/Chares/CanvasDataUI.prefab
  artifactKey: Guid(8a23fb11d84b00f4f94b1b0cc5b20647) Importer(815301076,1909f56bfc062723c751e8b465ee728b)
Start importing Assets/AKCondinoO/Chares/CanvasDataUI.prefab using Guid(8a23fb11d84b00f4f94b1b0cc5b20647) Importer(815301076,1909f56bfc062723c751e8b465ee728b)  -> (artifact id: '7b713ee93e6f9a6208bbf416c4a08a11') in 0.006607 seconds
  Import took 0.010726 seconds .

========================================================================
Received Import Request.
  Time since last request: 1.965767 seconds.
  path: Assets/AKCondinoO/Chares/CharControl.cs
  artifactKey: Guid(ceb969506c532214597c6a89bee5ce98) Importer(815301076,1909f56bfc062723c751e8b465ee728b)
Start importing Assets/AKCondinoO/Chares/CharControl.cs using Guid(ceb969506c532214597c6a89bee5ce98) Importer(815301076,1909f56bfc062723c751e8b465ee728b)  -> (artifact id: '08fd27fce57b082cc5917827f481b0e4') in 0.005005 seconds
  Import took 0.011385 seconds .

========================================================================
Received Import Request.
  Time since last request: 0.002173 seconds.
  path: Assets/AKCondinoO/Chares/CharControl.cs
  artifactKey: Guid(ceb969506c532214597c6a89bee5ce98) Importer(815301076,1909f56bfc062723c751e8b465ee728b)
Start importing Assets/AKCondinoO/Chares/CharControl.cs using Guid(ceb969506c532214597c6a89bee5ce98) Importer(815301076,1909f56bfc062723c751e8b465ee728b)  -> (artifact id: '08fd27fce57b082cc5917827f481b0e4') in 0.001550 seconds
  Import took 0.004842 seconds .

========================================================================
Received Import Request.
  Time since last request: 0.816257 seconds.
  path: Assets/AKCondinoO/Chares/CharDataUI.cs
  artifactKey: Guid(c7d9de88b7b957d4890cb1a63f6d0f07) Importer(815301076,1909f56bfc062723c751e8b465ee728b)
Start importing Assets/AKCondinoO/Chares/CharDataUI.cs using Guid(c7d9de88b7b957d4890cb1a63f6d0f07) Importer(815301076,1909f56bfc062723c751e8b465ee728b)  -> (artifact id: '6e5a83c3338783718c07cbe5678af39f') in 0.005276 seconds
  Import took 0.011570 seconds .

========================================================================
Received Import Request.
  Time since last request: 0.491171 seconds.
  path: Assets/AKCondinoO/Chares/CharSFX.cs
  artifactKey: Guid(3717d3325513f1641b544a0f2b1659c3) Importer(815301076,1909f56bfc062723c751e8b465ee728b)
Start importing Assets/AKCondinoO/Chares/CharSFX.cs using Guid(3717d3325513f1641b544a0f2b1659c3) Importer(815301076,1909f56bfc062723c751e8b465ee728b)  -> (artifact id: 'c9b606db1e3a503a656a400effd55d18') in 0.005475 seconds
  Import took 0.013513 seconds .

========================================================================
Received Import Request.
  Time since last request: 0.473765 seconds.
  path: Assets/AKCondinoO/Chares/Pathfinder.cs
  artifactKey: Guid(afe4b66b48840b14fb2a489267ba575f) Importer(815301076,1909f56bfc062723c751e8b465ee728b)
Start importing Assets/AKCondinoO/Chares/Pathfinder.cs using Guid(afe4b66b48840b14fb2a489267ba575f) Importer(815301076,1909f56bfc062723c751e8b465ee728b)  -> (artifact id: 'dee3bca6916b7288a64270b64015e9af') in 0.007090 seconds
  Import took 0.012234 seconds .

========================================================================
Received Import Request.
  Time since last request: 5.616383 seconds.
  path: Assets/AKCondinoO/Chares/BoxCollider
  artifactKey: Guid(7d1d06be3b826f845b2b5d6be70dbe44) Importer(815301076,1909f56bfc062723c751e8b465ee728b)
Start importing Assets/AKCondinoO/Chares/BoxCollider using Guid(7d1d06be3b826f845b2b5d6be70dbe44) Importer(815301076,1909f56bfc062723c751e8b465ee728b)  -> (artifact id: 'a1289e8de5f609ff82ec7d29aac50606') in 0.004743 seconds
  Import took 0.013507 seconds .

========================================================================
Received Import Request.
  Time since last request: 27.988968 seconds.
  path: Assets/AKCondinoO/Chares/System
  artifactKey: Guid(238a7b92da16d014cb0f7d89907b91de) Importer(815301076,1909f56bfc062723c751e8b465ee728b)
Start importing Assets/AKCondinoO/Chares/System using Guid(238a7b92da16d014cb0f7d89907b91de) Importer(815301076,1909f56bfc062723c751e8b465ee728b)  -> (artifact id: 'c9290d95ef378f443b5600a9bbf63179') in 0.005081 seconds
  Import took 0.010304 seconds .

========================================================================
Received Prepare
Registering precompiled user dll's ...
Registered in 0.003570 seconds.
Begin MonoManager ReloadAssembly
Native extension for WindowsStandalone target not found
Refreshing native plugins compatible for Editor in 0.86 ms, found 9 plugins.
Preloading 0 native plugins for Editor in 0.00 ms.
Invoked RoslynAnalysisRunner static constructor.
RoslynAnalysisRunner will not be running.
RoslynAnalysisRunner has terminated.
Mono: successfully reloaded assembly
- Completed reload, in  0.769 seconds
Platform modules already initialized, skipping
Refreshing native plugins compatible for Editor in 0.86 ms, found 9 plugins.
Preloading 0 native plugins for Editor in 0.00 ms.
Unloading 2717 Unused Serialized files (Serialized files now loaded: 0)
System memory in use before: 132.6 MB.
System memory in use after: 132.5 MB.

Unloading 48 unused Assets to reduce memory usage. Loaded Objects now: 3199.
Total: 3.094900 ms (FindLiveObjects: 0.283700 ms CreateObjectMapping: 0.122000 ms MarkObjects: 2.342900 ms  DeleteObjects: 0.345500 ms)

========================================================================
Received Prepare
Registering precompiled user dll's ...
Registered in 0.003635 seconds.
Begin MonoManager ReloadAssembly
Native extension for WindowsStandalone target not found
Refreshing native plugins compatible for Editor in 0.86 ms, found 9 plugins.
Preloading 0 native plugins for Editor in 0.00 ms.
Invoked RoslynAnalysisRunner static constructor.
RoslynAnalysisRunner will not be running.
RoslynAnalysisRunner has terminated.
Mono: successfully reloaded assembly
- Completed reload, in  0.752 seconds
Platform modules already initialized, skipping
Refreshing native plugins compatible for Editor in 0.89 ms, found 9 plugins.
Preloading 0 native plugins for Editor in 0.00 ms.
Unloading 2717 Unused Serialized files (Serialized files now loaded: 0)
System memory in use before: 132.6 MB.
System memory in use after: 132.5 MB.

Unloading 47 unused Assets to reduce memory usage. Loaded Objects now: 3204.
Total: 2.267100 ms (FindLiveObjects: 0.273400 ms CreateObjectMapping: 0.152000 ms MarkObjects: 1.539400 ms  DeleteObjects: 0.301000 ms)

========================================================================
Received Prepare
Registering precompiled user dll's ...
Registered in 0.003745 seconds.
Begin MonoManager ReloadAssembly
Native extension for WindowsStandalone target not found
Refreshing native plugins compatible for Editor in 0.86 ms, found 9 plugins.
Preloading 0 native plugins for Editor in 0.00 ms.
Invoked RoslynAnalysisRunner static constructor.
RoslynAnalysisRunner will not be running.
RoslynAnalysisRunner has terminated.
Mono: successfully reloaded assembly
- Completed reload, in  0.760 seconds
Platform modules already initialized, skipping
Refreshing native plugins compatible for Editor in 0.87 ms, found 9 plugins.
Preloading 0 native plugins for Editor in 0.00 ms.
Unloading 2717 Unused Serialized files (Serialized files now loaded: 0)
System memory in use before: 132.7 MB.
System memory in use after: 132.5 MB.

Unloading 47 unused Assets to reduce memory usage. Loaded Objects now: 3209.
Total: 3.226000 ms (FindLiveObjects: 0.328100 ms CreateObjectMapping: 0.120100 ms MarkObjects: 2.411100 ms  DeleteObjects: 0.366000 ms)

========================================================================
Received Prepare
Registering precompiled user dll's ...
Registered in 0.003680 seconds.
Begin MonoManager ReloadAssembly
Native extension for WindowsStandalone target not found
Refreshing native plugins compatible for Editor in 0.88 ms, found 9 plugins.
Preloading 0 native plugins for Editor in 0.00 ms.
Invoked RoslynAnalysisRunner static constructor.
RoslynAnalysisRunner will not be running.
RoslynAnalysisRunner has terminated.
Mono: successfully reloaded assembly
- Completed reload, in  0.766 seconds
Platform modules already initialized, skipping
Refreshing native plugins compatible for Editor in 0.99 ms, found 9 plugins.
Preloading 0 native plugins for Editor in 0.00 ms.
Unloading 2717 Unused Serialized files (Serialized files now loaded: 0)
System memory in use before: 132.7 MB.
System memory in use after: 132.5 MB.

Unloading 47 unused Assets to reduce memory usage. Loaded Objects now: 3214.
Total: 3.275100 ms (FindLiveObjects: 0.315100 ms CreateObjectMapping: 0.152800 ms MarkObjects: 2.362300 ms  DeleteObjects: 0.443500 ms)

========================================================================
Received Import Request.
  Time since last request: 295.884880 seconds.
  path: Assets/AKCondinoO/Chares/System/BoxCollider/BoxColliderRecipe.asset
  artifactKey: Guid(ba3fa3085251a33418859033832e36e4) Importer(815301076,1909f56bfc062723c751e8b465ee728b)
Start importing Assets/AKCondinoO/Chares/System/BoxCollider/BoxColliderRecipe.asset using Guid(ba3fa3085251a33418859033832e36e4) Importer(815301076,1909f56bfc062723c751e8b465ee728b)  -> (artifact id: 'cb15240d820af933674bd9ba329c8576') in 0.015654 seconds
  Import took 0.019246 seconds .

========================================================================
Received Import Request.
  Time since last request: 0.005899 seconds.
  path: Assets/AKCondinoO/Chares/System/BoxCollider/BoxColliderRecipe.asset
  artifactKey: Guid(ba3fa3085251a33418859033832e36e4) Importer(815301076,1909f56bfc062723c751e8b465ee728b)
Start importing Assets/AKCondinoO/Chares/System/BoxCollider/BoxColliderRecipe.asset using Guid(ba3fa3085251a33418859033832e36e4) Importer(815301076,1909f56bfc062723c751e8b465ee728b)  -> (artifact id: 'cb15240d820af933674bd9ba329c8576') in 0.002627 seconds
  Import took 0.006287 seconds .

========================================================================
Received Import Request.
  Time since last request: 1.021805 seconds.
  path: Assets/AKCondinoO/Chares/System/BoxCollider/BoxColliderScriptPrefab.prefab
  artifactKey: Guid(aa047f55caeaad64fbb0e0514a7f42ea) Importer(815301076,1909f56bfc062723c751e8b465ee728b)
Start importing Assets/AKCondinoO/Chares/System/BoxCollider/BoxColliderScriptPrefab.prefab using Guid(aa047f55caeaad64fbb0e0514a7f42ea) Importer(815301076,1909f56bfc062723c751e8b465ee728b)  -> (artifact id: '42d1345c7044e773574d9d1ea0418bcc') in 0.014618 seconds
  Import took 0.020587 seconds .

========================================================================
Received Import Request.
  Time since last request: 163.642775 seconds.
  path: Assets/Standard Assets/Characters/ThirdPersonCharacter/Animation/HumanoidWalkTurn.fbx
  artifactKey: Guid(1c52c953c83c2254a9fa72d50250f028) Importer(815301076,1909f56bfc062723c751e8b465ee728b)
Start importing Assets/Standard Assets/Characters/ThirdPersonCharacter/Animation/HumanoidWalkTurn.fbx using Guid(1c52c953c83c2254a9fa72d50250f028) Importer(815301076,1909f56bfc062723c751e8b465ee728b)  -> (artifact id: 'b2d468a2e8c0670075e5121c03b62ce6') in 0.035706 seconds
  Import took 0.042320 seconds .

========================================================================
Received Import Request.
  Time since last request: 18.658196 seconds.
  path: Assets/Standard Assets/Characters/ThirdPersonCharacter/Animator/ThirdPersonAnimatorController.controller
  artifactKey: Guid(e2cf68ff4b1ffda45a77f7307dd789b9) Importer(815301076,1909f56bfc062723c751e8b465ee728b)
Start importing Assets/Standard Assets/Characters/ThirdPersonCharacter/Animator/ThirdPersonAnimatorController.controller using Guid(e2cf68ff4b1ffda45a77f7307dd789b9) Importer(815301076,1909f56bfc062723c751e8b465ee728b)  -> (artifact id: '0cf772079ab0049bb96563b5554b8145') in 0.038809 seconds
  Import took 0.045232 seconds .

========================================================================
Received Import Request.
  Time since last request: 1839.761723 seconds.
  path: Assets/AKCondinoO/Chares/System/_3DSprite
  artifactKey: Guid(e35ffcf37fe287c4cbb9eea99a7dc9d1) Importer(815301076,1909f56bfc062723c751e8b465ee728b)
Start importing Assets/AKCondinoO/Chares/System/_3DSprite using Guid(e35ffcf37fe287c4cbb9eea99a7dc9d1) Importer(815301076,1909f56bfc062723c751e8b465ee728b)  -> (artifact id: 'dd33aafdb2f661e6e61dac066125caa4') in 0.001917 seconds
  Import took 0.008079 seconds .

========================================================================
Received Prepare
Registering precompiled user dll's ...
Registered in 0.003677 seconds.
Begin MonoManager ReloadAssembly
Native extension for WindowsStandalone target not found
Refreshing native plugins compatible for Editor in 0.88 ms, found 9 plugins.
Preloading 0 native plugins for Editor in 0.00 ms.
Invoked RoslynAnalysisRunner static constructor.
RoslynAnalysisRunner will not be running.
RoslynAnalysisRunner has terminated.
Mono: successfully reloaded assembly
- Completed reload, in  0.762 seconds
Platform modules already initialized, skipping
Refreshing native plugins compatible for Editor in 0.88 ms, found 9 plugins.
Preloading 0 native plugins for Editor in 0.00 ms.
Unloading 2717 Unused Serialized files (Serialized files now loaded: 0)
System memory in use before: 132.6 MB.
System memory in use after: 132.5 MB.

Unloading 47 unused Assets to reduce memory usage. Loaded Objects now: 3219.
Total: 3.543600 ms (FindLiveObjects: 0.324400 ms CreateObjectMapping: 0.156200 ms MarkObjects: 2.675600 ms  DeleteObjects: 0.386700 ms)

========================================================================
Received Import Request.
  Time since last request: 151.933961 seconds.
  path: Assets/AKCondinoO/Characters
  artifactKey: Guid(1a59d7838374c514ca07db81ed6682ca) Importer(815301076,1909f56bfc062723c751e8b465ee728b)
Start importing Assets/AKCondinoO/Characters using Guid(1a59d7838374c514ca07db81ed6682ca) Importer(815301076,1909f56bfc062723c751e8b465ee728b)  -> (artifact id: '4f537f5e6f38e39d4dbfc8c5922d75a3') in 0.008628 seconds
  Import took 0.013830 seconds .

========================================================================
Received Import Request.
  Time since last request: 0.835056 seconds.
  path: Assets/AKCondinoO/Characters
  artifactKey: Guid(1a59d7838374c514ca07db81ed6682ca) Importer(815301076,1909f56bfc062723c751e8b465ee728b)
Start importing Assets/AKCondinoO/Characters using Guid(1a59d7838374c514ca07db81ed6682ca) Importer(815301076,1909f56bfc062723c751e8b465ee728b)  -> (artifact id: '4f537f5e6f38e39d4dbfc8c5922d75a3') in 0.001886 seconds
  Import took 0.005492 seconds .

========================================================================
Received Import Request.
  Time since last request: 7.106518 seconds.
  path: Assets/AKCondinoO/Chares/_ALARM
  artifactKey: Guid(b55dc259fe9ca224fbe94aabda898d13) Importer(815301076,1909f56bfc062723c751e8b465ee728b)
Start importing Assets/AKCondinoO/Chares/_ALARM using Guid(b55dc259fe9ca224fbe94aabda898d13) Importer(815301076,1909f56bfc062723c751e8b465ee728b)  -> (artifact id: '6e2eb86f7a07a01cf474a9b84e425ce8') in 0.005334 seconds
  Import took 0.008882 seconds .

========================================================================
Received Prepare
Registering precompiled user dll's ...
Registered in 0.003523 seconds.
Begin MonoManager ReloadAssembly
Native extension for WindowsStandalone target not found
Refreshing native plugins compatible for Editor in 0.93 ms, found 9 plugins.
Preloading 0 native plugins for Editor in 0.00 ms.
Invoked RoslynAnalysisRunner static constructor.
RoslynAnalysisRunner will not be running.
RoslynAnalysisRunner has terminated.
Mono: successfully reloaded assembly
- Completed reload, in  0.758 seconds
Platform modules already initialized, skipping
Refreshing native plugins compatible for Editor in 0.87 ms, found 9 plugins.
Preloading 0 native plugins for Editor in 0.00 ms.
Unloading 2717 Unused Serialized files (Serialized files now loaded: 0)
System memory in use before: 132.7 MB.
System memory in use after: 132.6 MB.

Unloading 47 unused Assets to reduce memory usage. Loaded Objects now: 3224.
Total: 2.720500 ms (FindLiveObjects: 0.463600 ms CreateObjectMapping: 0.241700 ms MarkObjects: 1.674000 ms  DeleteObjects: 0.340100 ms)

========================================================================
Received Prepare
Registering precompiled user dll's ...
Registered in 0.003567 seconds.
Begin MonoManager ReloadAssembly
Native extension for WindowsStandalone target not found
Refreshing native plugins compatible for Editor in 0.88 ms, found 9 plugins.
Preloading 0 native plugins for Editor in 0.00 ms.
Invoked RoslynAnalysisRunner static constructor.
RoslynAnalysisRunner will not be running.
RoslynAnalysisRunner has terminated.
Mono: successfully reloaded assembly
- Completed reload, in  0.755 seconds
Platform modules already initialized, skipping
Refreshing native plugins compatible for Editor in 0.86 ms, found 9 plugins.
Preloading 0 native plugins for Editor in 0.00 ms.
Unloading 2717 Unused Serialized files (Serialized files now loaded: 0)
System memory in use before: 132.8 MB.
System memory in use after: 132.6 MB.

Unloading 47 unused Assets to reduce memory usage. Loaded Objects now: 3229.
Total: 2.723400 ms (FindLiveObjects: 0.413600 ms CreateObjectMapping: 0.214900 ms MarkObjects: 1.751600 ms  DeleteObjects: 0.342600 ms)

========================================================================
Received Import Request.
  Time since last request: 101.724631 seconds.
  path: Assets/AKCondinoO/Characters/System/Control
  artifactKey: Guid(d5bd02ca3faf4e7409d4905946120d7a) Importer(815301076,1909f56bfc062723c751e8b465ee728b)
Start importing Assets/AKCondinoO/Characters/System/Control using Guid(d5bd02ca3faf4e7409d4905946120d7a) Importer(815301076,1909f56bfc062723c751e8b465ee728b)  -> (artifact id: '825b2e0352af903a12f3e622a99bb591') in 0.007899 seconds
  Import took 0.013627 seconds .

========================================================================
Received Prepare
Registering precompiled user dll's ...
Registered in 0.003671 seconds.
Begin MonoManager ReloadAssembly
Native extension for WindowsStandalone target not found
Refreshing native plugins compatible for Editor in 0.90 ms, found 9 plugins.
Preloading 0 native plugins for Editor in 0.00 ms.
Invoked RoslynAnalysisRunner static constructor.
RoslynAnalysisRunner will not be running.
RoslynAnalysisRunner has terminated.
Mono: successfully reloaded assembly
- Completed reload, in  0.768 seconds
Platform modules already initialized, skipping
Refreshing native plugins compatible for Editor in 0.87 ms, found 9 plugins.
Preloading 0 native plugins for Editor in 0.00 ms.
Unloading 2717 Unused Serialized files (Serialized files now loaded: 0)
System memory in use before: 132.8 MB.
System memory in use after: 132.6 MB.

Unloading 47 unused Assets to reduce memory usage. Loaded Objects now: 3234.
Total: 3.996100 ms (FindLiveObjects: 0.571500 ms CreateObjectMapping: 0.247100 ms MarkObjects: 2.748600 ms  DeleteObjects: 0.428000 ms)

========================================================================
Received Prepare
Registering precompiled user dll's ...
Registered in 0.003577 seconds.
Begin MonoManager ReloadAssembly
Native extension for WindowsStandalone target not found
Refreshing native plugins compatible for Editor in 0.91 ms, found 9 plugins.
Preloading 0 native plugins for Editor in 0.00 ms.
Invoked RoslynAnalysisRunner static constructor.
RoslynAnalysisRunner will not be running.
RoslynAnalysisRunner has terminated.
Mono: successfully reloaded assembly
- Completed reload, in  0.766 seconds
Platform modules already initialized, skipping
Refreshing native plugins compatible for Editor in 0.86 ms, found 9 plugins.
Preloading 0 native plugins for Editor in 0.00 ms.
Unloading 2717 Unused Serialized files (Serialized files now loaded: 0)
System memory in use before: 132.7 MB.
System memory in use after: 132.6 MB.

Unloading 47 unused Assets to reduce memory usage. Loaded Objects now: 3239.
Total: 4.412300 ms (FindLiveObjects: 0.504100 ms CreateObjectMapping: 0.199100 ms MarkObjects: 3.301800 ms  DeleteObjects: 0.406600 ms)

========================================================================
Received Prepare
Registering precompiled user dll's ...
Registered in 0.003587 seconds.
Begin MonoManager ReloadAssembly
Native extension for WindowsStandalone target not found
Refreshing native plugins compatible for Editor in 0.87 ms, found 9 plugins.
Preloading 0 native plugins for Editor in 0.00 ms.
Invoked RoslynAnalysisRunner static constructor.
RoslynAnalysisRunner will not be running.
RoslynAnalysisRunner has terminated.
Mono: successfully reloaded assembly
- Completed reload, in  0.743 seconds
Platform modules already initialized, skipping
Refreshing native plugins compatible for Editor in 0.93 ms, found 9 plugins.
Preloading 0 native plugins for Editor in 0.00 ms.
Unloading 2717 Unused Serialized files (Serialized files now loaded: 0)
System memory in use before: 132.7 MB.
System memory in use after: 132.5 MB.

Unloading 47 unused Assets to reduce memory usage. Loaded Objects now: 3244.
Total: 3.325100 ms (FindLiveObjects: 0.381100 ms CreateObjectMapping: 0.280200 ms MarkObjects: 2.117500 ms  DeleteObjects: 0.545300 ms)

========================================================================
Received Import Request.
  Time since last request: 179.038656 seconds.
  path: Assets/AKCondinoO/Characters/System/Control/UI
  artifactKey: Guid(3feea8d0f5dc5c541996f8824a57c93d) Importer(815301076,1909f56bfc062723c751e8b465ee728b)
Start importing Assets/AKCondinoO/Characters/System/Control/UI using Guid(3feea8d0f5dc5c541996f8824a57c93d) Importer(815301076,1909f56bfc062723c751e8b465ee728b)  -> (artifact id: 'd8b8025a7f74e66df92e4e49a5e9d8d3') in 0.008483 seconds
  Import took 0.013987 seconds .

========================================================================
Received Prepare
Registering precompiled user dll's ...
Registered in 0.003510 seconds.
Begin MonoManager ReloadAssembly
Native extension for WindowsStandalone target not found
Refreshing native plugins compatible for Editor in 0.87 ms, found 9 plugins.
Preloading 0 native plugins for Editor in 0.00 ms.
Invoked RoslynAnalysisRunner static constructor.
RoslynAnalysisRunner will not be running.
RoslynAnalysisRunner has terminated.
Mono: successfully reloaded assembly
- Completed reload, in  0.760 seconds
Platform modules already initialized, skipping
Refreshing native plugins compatible for Editor in 0.87 ms, found 9 plugins.
Preloading 0 native plugins for Editor in 0.00 ms.
Unloading 2717 Unused Serialized files (Serialized files now loaded: 0)
System memory in use before: 132.8 MB.
System memory in use after: 132.6 MB.

Unloading 47 unused Assets to reduce memory usage. Loaded Objects now: 3249.
Total: 4.108800 ms (FindLiveObjects: 0.510400 ms CreateObjectMapping: 0.282000 ms MarkObjects: 2.917700 ms  DeleteObjects: 0.397800 ms)

========================================================================
Received Import Request.
  Time since last request: 42.058429 seconds.
  path: Assets/AKCondinoO/Characters/System/Sounds
  artifactKey: Guid(e207b350042e0eb45a228cc67ed14c38) Importer(815301076,1909f56bfc062723c751e8b465ee728b)
Start importing Assets/AKCondinoO/Characters/System/Sounds using Guid(e207b350042e0eb45a228cc67ed14c38) Importer(815301076,1909f56bfc062723c751e8b465ee728b)  -> (artifact id: '5fc3c311f1b120b66d6581acee0b620d') in 0.008022 seconds
  Import took 0.011734 seconds .

========================================================================
Received Prepare
Registering precompiled user dll's ...
Registered in 0.003575 seconds.
Begin MonoManager ReloadAssembly
Native extension for WindowsStandalone target not found
Refreshing native plugins compatible for Editor in 0.88 ms, found 9 plugins.
Preloading 0 native plugins for Editor in 0.00 ms.
Invoked RoslynAnalysisRunner static constructor.
RoslynAnalysisRunner will not be running.
RoslynAnalysisRunner has terminated.
Mono: successfully reloaded assembly
- Completed reload, in  0.756 seconds
Platform modules already initialized, skipping
Refreshing native plugins compatible for Editor in 0.87 ms, found 9 plugins.
Preloading 0 native plugins for Editor in 0.00 ms.
Unloading 2717 Unused Serialized files (Serialized files now loaded: 0)
System memory in use before: 132.8 MB.
System memory in use after: 132.6 MB.

Unloading 47 unused Assets to reduce memory usage. Loaded Objects now: 3254.
Total: 3.617900 ms (FindLiveObjects: 0.280800 ms CreateObjectMapping: 0.166600 ms MarkObjects: 2.801400 ms  DeleteObjects: 0.367800 ms)

========================================================================
Received Prepare
Registering precompiled user dll's ...
Registered in 0.003735 seconds.
Begin MonoManager ReloadAssembly
Native extension for WindowsStandalone target not found
Refreshing native plugins compatible for Editor in 1.86 ms, found 9 plugins.
Preloading 0 native plugins for Editor in 0.00 ms.
Invoked RoslynAnalysisRunner static constructor.
RoslynAnalysisRunner will not be running.
RoslynAnalysisRunner has terminated.
Mono: successfully reloaded assembly
- Completed reload, in  0.814 seconds
Platform modules already initialized, skipping
Refreshing native plugins compatible for Editor in 0.89 ms, found 9 plugins.
Preloading 0 native plugins for Editor in 0.00 ms.
Unloading 2717 Unused Serialized files (Serialized files now loaded: 0)
System memory in use before: 132.8 MB.
System memory in use after: 132.7 MB.

Unloading 47 unused Assets to reduce memory usage. Loaded Objects now: 3259.
Total: 2.891400 ms (FindLiveObjects: 0.278500 ms CreateObjectMapping: 0.105000 ms MarkObjects: 2.035300 ms  DeleteObjects: 0.471900 ms)

========================================================================
Received Prepare
Registering precompiled user dll's ...
Registered in 0.003529 seconds.
Begin MonoManager ReloadAssembly
Native extension for WindowsStandalone target not found
Refreshing native plugins compatible for Editor in 0.87 ms, found 9 plugins.
Preloading 0 native plugins for Editor in 0.00 ms.
Invoked RoslynAnalysisRunner static constructor.
RoslynAnalysisRunner will not be running.
RoslynAnalysisRunner has terminated.
Mono: successfully reloaded assembly
- Completed reload, in  0.747 seconds
Platform modules already initialized, skipping
Refreshing native plugins compatible for Editor in 0.87 ms, found 9 plugins.
Preloading 0 native plugins for Editor in 0.00 ms.
Unloading 2717 Unused Serialized files (Serialized files now loaded: 0)
System memory in use before: 132.8 MB.
System memory in use after: 132.7 MB.

Unloading 47 unused Assets to reduce memory usage. Loaded Objects now: 3264.
Total: 3.725500 ms (FindLiveObjects: 0.325000 ms CreateObjectMapping: 0.153500 ms MarkObjects: 2.875500 ms  DeleteObjects: 0.370800 ms)

========================================================================
Received Import Request.
  Time since last request: 430.782330 seconds.
  path: Assets/AKCondinoO/Characters/System/Animators/ThirdPersonAnimatorController.controller
  artifactKey: Guid(57cf0c4ab016c6b4ba5d2b8292c0d601) Importer(815301076,1909f56bfc062723c751e8b465ee728b)
Start importing Assets/AKCondinoO/Characters/System/Animators/ThirdPersonAnimatorController.controller using Guid(57cf0c4ab016c6b4ba5d2b8292c0d601) Importer(815301076,1909f56bfc062723c751e8b465ee728b)  -> (artifact id: '142893447daea69473ba0d4b9b0aac95') in 0.018124 seconds
  Import took 0.022728 seconds .

========================================================================
Received Prepare
Registering precompiled user dll's ...
Registered in 0.003863 seconds.
Begin MonoManager ReloadAssembly
Native extension for WindowsStandalone target not found
Refreshing native plugins compatible for Editor in 0.87 ms, found 9 plugins.
Preloading 0 native plugins for Editor in 0.00 ms.
Invoked RoslynAnalysisRunner static constructor.
RoslynAnalysisRunner will not be running.
RoslynAnalysisRunner has terminated.
Mono: successfully reloaded assembly
- Completed reload, in  0.747 seconds
Platform modules already initialized, skipping
Refreshing native plugins compatible for Editor in 0.88 ms, found 9 plugins.
Preloading 0 native plugins for Editor in 0.00 ms.
Unloading 2717 Unused Serialized files (Serialized files now loaded: 0)
System memory in use before: 132.7 MB.
System memory in use after: 132.6 MB.

Unloading 47 unused Assets to reduce memory usage. Loaded Objects now: 3269.
Total: 3.070500 ms (FindLiveObjects: 0.366900 ms CreateObjectMapping: 0.193300 ms MarkObjects: 2.129100 ms  DeleteObjects: 0.380400 ms)

========================================================================
Received Prepare
Registering precompiled user dll's ...
Registered in 0.003553 seconds.
Begin MonoManager ReloadAssembly
Native extension for WindowsStandalone target not found
Refreshing native plugins compatible for Editor in 0.87 ms, found 9 plugins.
Preloading 0 native plugins for Editor in 0.00 ms.
Invoked RoslynAnalysisRunner static constructor.
RoslynAnalysisRunner will not be running.
RoslynAnalysisRunner has terminated.
Mono: successfully reloaded assembly
- Completed reload, in  0.755 seconds
Platform modules already initialized, skipping
Refreshing native plugins compatible for Editor in 0.87 ms, found 9 plugins.
Preloading 0 native plugins for Editor in 0.00 ms.
Unloading 2717 Unused Serialized files (Serialized files now loaded: 0)
System memory in use before: 132.8 MB.
System memory in use after: 132.7 MB.

Unloading 47 unused Assets to reduce memory usage. Loaded Objects now: 3274.
Total: 2.937200 ms (FindLiveObjects: 0.546400 ms CreateObjectMapping: 0.150400 ms MarkObjects: 1.884900 ms  DeleteObjects: 0.354600 ms)

========================================================================
Received Import Request.
  Time since last request: 361.922143 seconds.
  path: Assets/ExplosiveLLC/RPG Character Animation Pack FREE/Animations/Unarmed/RPG-Character@Unarmed-Strafe-Backward.FBX
  artifactKey: Guid(e3ce9218d72c10841bbd95cd901792d4) Importer(815301076,1909f56bfc062723c751e8b465ee728b)
Start importing Assets/ExplosiveLLC/RPG Character Animation Pack FREE/Animations/Unarmed/RPG-Character@Unarmed-Strafe-Backward.FBX using Guid(e3ce9218d72c10841bbd95cd901792d4) Importer(815301076,1909f56bfc062723c751e8b465ee728b)  -> (artifact id: '2177c9085ef91312a9d23aa4a1a45fa5') in 0.085631 seconds
  Import took 0.090784 seconds .

